Line 93: Class ComctlLib.TreeView of control tvTreeView was not a loaded control class.
Line 135: Class MSComDlg.CommonDialog of control dlgCommonDialog was not a loaded control class.
Line 149: Class ComctlLib.ImageList of control imlIcons was not a loaded control class.
Line 99: The property name _ExtentX in tvTreeView is invalid.
Line 100: The property name _ExtentY in tvTreeView is invalid.
Line 101: The property name _Version in tvTreeView is invalid.
Line 102: The property name HideSelection in tvTreeView is invalid.
Line 103: The property name Indentation in tvTreeView is invalid.
Line 104: The property name LabelEdit in tvTreeView is invalid.
Line 105: The property name LineStyle in tvTreeView is invalid.
Line 106: The property name Style in tvTreeView is invalid.
Line 107: The property name ImageList in tvTreeView is invalid.
Line 138: The property name _ExtentX in dlgCommonDialog is invalid.
Line 139: The property name _ExtentY in dlgCommonDialog is invalid.
Line 140: The property name _Version in dlgCommonDialog is invalid.
Line 152: The property name _ExtentX in imlIcons is invalid.
Line 153: The property name _ExtentY in imlIcons is invalid.
Line 155: The property name ImageWidth in imlIcons is invalid.
Line 156: The property name ImageHeight in imlIcons is invalid.
Line 157: The property name MaskColor in imlIcons is invalid.
Line 158: The property name _Version in imlIcons is invalid.
Line 605: The property name Images in imlIcons is invalid.
